<?xml version="1.0" encoding="UTF-8"?>
<!-- Generated by org.testng.reporters.JUnitXMLReporter -->
<testsuite ignored="1" hostname="deep-shah" failures="0" tests="1" name="Default test" time="32.928" errors="0" timestamp="2023-11-22T11:50:06 IST">
  <testcase classname="com.example.tests.ContactUsTest" name="careerContactUS" time="15.016"/>
  <testcase classname="com.example.tests.ContactUsTest" name="contactUS" time="0.0">
    <ignored/>
  </testcase> <!-- contactUS -->
</testsuite> <!-- Default test -->
