<?xml version="1.0" encoding="UTF-8"?>
<testng-results ignored="0" total="2" passed="2" failed="0" skipped="0">
  <reporter-output>
  </reporter-output>
  <suite started-at="2023-11-16T14:45:00 IST" name="Suite" finished-at="2023-11-16T14:45:01 IST" duration-ms="609">
    <groups>
    </groups>
    <test started-at="2023-11-16T14:45:00 IST" name="Regression" finished-at="2023-11-16T14:45:01 IST" duration-ms="609">
      <class name="com.example.tests.example">
        <test-method is-config="true" signature="setUp()[pri:0, instance:com.example.tests.example@7dcf94f8]" started-at="2023-11-16T14:44:53 IST" name="setUp" finished-at="2023-11-16T14:45:00 IST" duration-ms="7285" status="PASS">
          <reporter-output>
          </reporter-output>
        </test-method> <!-- setUp -->
        <test-method is-config="true" signature="startTest(java.lang.reflect.Method)[pri:0, instance:com.example.tests.example@7dcf94f8]" started-at="2023-11-16T14:45:00 IST" name="startTest" finished-at="2023-11-16T14:45:00 IST" duration-ms="10" status="PASS">
          <params>
            <param index="0">
              <value>
                <![CDATA[public void com.example.tests.example.test()]]>
              </value>
            </param>
          </params>
          <reporter-output>
          </reporter-output>
        </test-method> <!-- startTest -->
        <test-method signature="test()[pri:0, instance:com.example.tests.example@7dcf94f8]" started-at="2023-11-16T14:45:00 IST" name="test" finished-at="2023-11-16T14:45:00 IST" duration-ms="10" status="PASS">
          <reporter-output>
          </reporter-output>
        </test-method> <!-- test -->
        <test-method is-config="true" signature="endTest(org.testng.ITestResult)[pri:0, instance:com.example.tests.example@7dcf94f8]" started-at="2023-11-16T14:45:00 IST" name="endTest" finished-at="2023-11-16T14:45:01 IST" duration-ms="511" status="PASS">
          <params>
            <param index="0">
              <value>
                <![CDATA[[TestResult name=test status=SUCCESS method=example.test()[pri:0, instance:com.example.tests.example@7dcf94f8] output={null}]]]>
              </value>
            </param>
          </params>
          <reporter-output>
          </reporter-output>
        </test-method> <!-- endTest -->
        <test-method is-config="true" signature="startTest(java.lang.reflect.Method)[pri:0, instance:com.example.tests.example@7dcf94f8]" started-at="2023-11-16T14:45:01 IST" name="startTest" finished-at="2023-11-16T14:45:01 IST" duration-ms="1" status="PASS">
          <params>
            <param index="0">
              <value>
                <![CDATA[public void com.example.tests.example.test1()]]>
              </value>
            </param>
          </params>
          <reporter-output>
          </reporter-output>
        </test-method> <!-- startTest -->
        <test-method signature="test1()[pri:0, instance:com.example.tests.example@7dcf94f8]" started-at="2023-11-16T14:45:01 IST" name="test1" finished-at="2023-11-16T14:45:01 IST" duration-ms="2" status="PASS">
          <reporter-output>
          </reporter-output>
        </test-method> <!-- test1 -->
        <test-method is-config="true" signature="endTest(org.testng.ITestResult)[pri:0, instance:com.example.tests.example@7dcf94f8]" started-at="2023-11-16T14:45:01 IST" name="endTest" finished-at="2023-11-16T14:45:01 IST" duration-ms="23" status="PASS">
          <params>
            <param index="0">
              <value>
                <![CDATA[[TestResult name=test1 status=SUCCESS method=example.test1()[pri:0, instance:com.example.tests.example@7dcf94f8] output={null}]]]>
              </value>
            </param>
          </params>
          <reporter-output>
          </reporter-output>
        </test-method> <!-- endTest -->
        <test-method is-config="true" signature="tearDown()[pri:0, instance:com.example.tests.example@7dcf94f8]" started-at="2023-11-16T14:45:01 IST" name="tearDown" finished-at="2023-11-16T14:45:01 IST" duration-ms="224" status="PASS">
          <reporter-output>
          </reporter-output>
        </test-method> <!-- tearDown -->
      </class> <!-- com.example.tests.example -->
    </test> <!-- Regression -->
  </suite> <!-- Suite -->
</testng-results>
